-------------------------------------------------------------------------------
Test set: TqsStackTest
-------------------------------------------------------------------------------
Tests run: 6, Failures: 0, Errors: 6, Skipped: 0, Time elapsed: 0.057 s <<< FAILURE! -- in TqsStackTest
TqsStackTest.popUntilEmplty -- Time elapsed: 0.017 s <<< ERROR!
java.lang.Error: 
Unresolved compilation problems: 
	The declared package "test.java" does not match the expected package ""
	BeforeEack cannot be resolved to a type
	DisplayName cannot be resolved to a type
	The method assertTrue(boolean) is undefined for the type TqsStackTest
	DisplayName cannot be resolved to a type
	DisplayName cannot be resolved to a type
	The method push() in the type TqsStack<String> is not applicable for the arguments (int)
	The method push() in the type TqsStack<String> is not applicable for the arguments (int)
	The method push() in the type TqsStack<String> is not applicable for the arguments (int)
	DisplayName cannot be resolved to a type
	The method push() in the type TqsStack<String> is not applicable for the arguments (int)
	DisplayName cannot be resolved to a type
	The method push() in the type TqsStack<String> is not applicable for the arguments (int)
	n cannot be resolved to a variable
	n cannot be resolved to a variable
	DisplayName cannot be resolved to a type
	The method push() in the type TqsStack<String> is not applicable for the arguments (int)
	The method push() in the type TqsStack<String> is not applicable for the arguments (int)
	The method assertTrue(boolean) is undefined for the type TqsStackTest

	at TqsStackTest.<init>(TqsStackTest.java:1)
	at java.base/java.lang.reflect.Constructor.newInstance(Constructor.java:490)
	at java.base/java.util.Optional.orElseGet(Optional.java:369)
	at java.base/java.util.ArrayList.forEach(ArrayList.java:1541)
	at java.base/java.util.ArrayList.forEach(ArrayList.java:1541)

TqsStackTest.pushPopTest -- Time elapsed: 0.001 s <<< ERROR!
java.lang.Error: 
Unresolved compilation problems: 
	The declared package "test.java" does not match the expected package ""
	BeforeEack cannot be resolved to a type
	DisplayName cannot be resolved to a type
	The method assertTrue(boolean) is undefined for the type TqsStackTest
	DisplayName cannot be resolved to a type
	DisplayName cannot be resolved to a type
	The method push() in the type TqsStack<String> is not applicable for the arguments (int)
	The method push() in the type TqsStack<String> is not applicable for the arguments (int)
	The method push() in the type TqsStack<String> is not applicable for the arguments (int)
	DisplayName cannot be resolved to a type
	The method push() in the type TqsStack<String> is not applicable for the arguments (int)
	DisplayName cannot be resolved to a type
	The method push() in the type TqsStack<String> is not applicable for the arguments (int)
	n cannot be resolved to a variable
	n cannot be resolved to a variable
	DisplayName cannot be resolved to a type
	The method push() in the type TqsStack<String> is not applicable for the arguments (int)
	The method push() in the type TqsStack<String> is not applicable for the arguments (int)
	The method assertTrue(boolean) is undefined for the type TqsStackTest

	at TqsStackTest.<init>(TqsStackTest.java:1)
	at java.base/java.lang.reflect.Constructor.newInstance(Constructor.java:490)
	at java.base/java.util.Optional.orElseGet(Optional.java:369)
	at java.base/java.util.ArrayList.forEach(ArrayList.java:1541)
	at java.base/java.util.ArrayList.forEach(ArrayList.java:1541)

TqsStackTest.nPushTest -- Time elapsed: 0.002 s <<< ERROR!
java.lang.Error: 
Unresolved compilation problems: 
	The declared package "test.java" does not match the expected package ""
	BeforeEack cannot be resolved to a type
	DisplayName cannot be resolved to a type
	The method assertTrue(boolean) is undefined for the type TqsStackTest
	DisplayName cannot be resolved to a type
	DisplayName cannot be resolved to a type
	The method push() in the type TqsStack<String> is not applicable for the arguments (int)
	The method push() in the type TqsStack<String> is not applicable for the arguments (int)
	The method push() in the type TqsStack<String> is not applicable for the arguments (int)
	DisplayName cannot be resolved to a type
	The method push() in the type TqsStack<String> is not applicable for the arguments (int)
	DisplayName cannot be resolved to a type
	The method push() in the type TqsStack<String> is not applicable for the arguments (int)
	n cannot be resolved to a variable
	n cannot be resolved to a variable
	DisplayName cannot be resolved to a type
	The method push() in the type TqsStack<String> is not applicable for the arguments (int)
	The method push() in the type TqsStack<String> is not applicable for the arguments (int)
	The method assertTrue(boolean) is undefined for the type TqsStackTest

	at TqsStackTest.<init>(TqsStackTest.java:1)
	at java.base/java.lang.reflect.Constructor.newInstance(Constructor.java:490)
	at java.base/java.util.Optional.orElseGet(Optional.java:369)
	at java.base/java.util.ArrayList.forEach(ArrayList.java:1541)
	at java.base/java.util.ArrayList.forEach(ArrayList.java:1541)

TqsStackTest.sizeZero -- Time elapsed: 0.001 s <<< ERROR!
java.lang.Error: 
Unresolved compilation problems: 
	The declared package "test.java" does not match the expected package ""
	BeforeEack cannot be resolved to a type
	DisplayName cannot be resolved to a type
	The method assertTrue(boolean) is undefined for the type TqsStackTest
	DisplayName cannot be resolved to a type
	DisplayName cannot be resolved to a type
	The method push() in the type TqsStack<String> is not applicable for the arguments (int)
	The method push() in the type TqsStack<String> is not applicable for the arguments (int)
	The method push() in the type TqsStack<String> is not applicable for the arguments (int)
	DisplayName cannot be resolved to a type
	The method push() in the type TqsStack<String> is not applicable for the arguments (int)
	DisplayName cannot be resolved to a type
	The method push() in the type TqsStack<String> is not applicable for the arguments (int)
	n cannot be resolved to a variable
	n cannot be resolved to a variable
	DisplayName cannot be resolved to a type
	The method push() in the type TqsStack<String> is not applicable for the arguments (int)
	The method push() in the type TqsStack<String> is not applicable for the arguments (int)
	The method assertTrue(boolean) is undefined for the type TqsStackTest

	at TqsStackTest.<init>(TqsStackTest.java:1)
	at java.base/java.lang.reflect.Constructor.newInstance(Constructor.java:490)
	at java.base/java.util.Optional.orElseGet(Optional.java:369)
	at java.base/java.util.ArrayList.forEach(ArrayList.java:1541)
	at java.base/java.util.ArrayList.forEach(ArrayList.java:1541)

TqsStackTest.pushPeekTest -- Time elapsed: 0.001 s <<< ERROR!
java.lang.Error: 
Unresolved compilation problems: 
	The declared package "test.java" does not match the expected package ""
	BeforeEack cannot be resolved to a type
	DisplayName cannot be resolved to a type
	The method assertTrue(boolean) is undefined for the type TqsStackTest
	DisplayName cannot be resolved to a type
	DisplayName cannot be resolved to a type
	The method push() in the type TqsStack<String> is not applicable for the arguments (int)
	The method push() in the type TqsStack<String> is not applicable for the arguments (int)
	The method push() in the type TqsStack<String> is not applicable for the arguments (int)
	DisplayName cannot be resolved to a type
	The method push() in the type TqsStack<String> is not applicable for the arguments (int)
	DisplayName cannot be resolved to a type
	The method push() in the type TqsStack<String> is not applicable for the arguments (int)
	n cannot be resolved to a variable
	n cannot be resolved to a variable
	DisplayName cannot be resolved to a type
	The method push() in the type TqsStack<String> is not applicable for the arguments (int)
	The method push() in the type TqsStack<String> is not applicable for the arguments (int)
	The method assertTrue(boolean) is undefined for the type TqsStackTest

	at TqsStackTest.<init>(TqsStackTest.java:1)
	at java.base/java.lang.reflect.Constructor.newInstance(Constructor.java:490)
	at java.base/java.util.Optional.orElseGet(Optional.java:369)
	at java.base/java.util.ArrayList.forEach(ArrayList.java:1541)
	at java.base/java.util.ArrayList.forEach(ArrayList.java:1541)

TqsStackTest.isEmpty -- Time elapsed: 0.001 s <<< ERROR!
java.lang.Error: 
Unresolved compilation problems: 
	The declared package "test.java" does not match the expected package ""
	BeforeEack cannot be resolved to a type
	DisplayName cannot be resolved to a type
	The method assertTrue(boolean) is undefined for the type TqsStackTest
	DisplayName cannot be resolved to a type
	DisplayName cannot be resolved to a type
	The method push() in the type TqsStack<String> is not applicable for the arguments (int)
	The method push() in the type TqsStack<String> is not applicable for the arguments (int)
	The method push() in the type TqsStack<String> is not applicable for the arguments (int)
	DisplayName cannot be resolved to a type
	The method push() in the type TqsStack<String> is not applicable for the arguments (int)
	DisplayName cannot be resolved to a type
	The method push() in the type TqsStack<String> is not applicable for the arguments (int)
	n cannot be resolved to a variable
	n cannot be resolved to a variable
	DisplayName cannot be resolved to a type
	The method push() in the type TqsStack<String> is not applicable for the arguments (int)
	The method push() in the type TqsStack<String> is not applicable for the arguments (int)
	The method assertTrue(boolean) is undefined for the type TqsStackTest

	at TqsStackTest.<init>(TqsStackTest.java:1)
	at java.base/java.lang.reflect.Constructor.newInstance(Constructor.java:490)
	at java.base/java.util.Optional.orElseGet(Optional.java:369)
	at java.base/java.util.ArrayList.forEach(ArrayList.java:1541)
	at java.base/java.util.ArrayList.forEach(ArrayList.java:1541)

