<?xml version="1.0" encoding="UTF-8"?>
<testsuite xmlns:xsi="http://www.w3.org/2001/XMLSchema-instance" xsi:noNamespaceSchemaLocation="https://maven.apache.org/surefire/maven-surefire-plugin/xsd/surefire-test-report.xsd" name="tqs.lab7.RestTest" time="1.917" tests="4" errors="0" skipped="0" failures="0">
  <properties>
[...]
</properties>
  <testcase name="checkForRunTime" classname="tqs.lab7.RestTest" time="1.109"/>
  <testcase name="checkEndpoint" classname="tqs.lab7.RestTest" time="0.12"/>
  <testcase name="checkForObjects" classname="tqs.lab7.RestTest" time="0.539"/>
  <testcase name="checkTitleOfToDo4" classname="tqs.lab7.RestTest" time="0.138"/>
</testsuite>