<?xml version="1.0" encoding="UTF-8"?>
<testsuite xmlns:xsi="http://www.w3.org/2001/XMLSchema-instance" xsi:noNamespaceSchemaLocation="https://maven.apache.org/surefire/maven-surefire-plugin/xsd/surefire-test-report.xsd" name="CucumberTest" time="3.859" tests="1" errors="1" skipped="0" failures="0">
  <properties>
[...]
</properties>
  <testcase name="Booking a trip from one city to another" classname="tqs.lab5.CucumberTest" time="3.79">
    <error message="getElementDomAttribute&#10;Build info: version: &apos;4.1.2&apos;, revision: &apos;9a5a329c5a&apos;&#10;System info: host: &apos;LAPTOP-6PIACK3E&apos;, ip: &apos;127.0.1.1&apos;, os.name: &apos;Linux&apos;, os.arch: &apos;amd64&apos;, os.version: &apos;5.15.146.1-microsoft-standard-WSL2&apos;, java.version: &apos;17.0.6&apos;&#10;Driver info: org.openqa.selenium.chrome.ChromeDriver&#10;Command: [08e78f6e37c87ac0e1800578f286c7d9, getElementDomAttribute {id=0.908359596603241-1, name=multiple}]&#10;Capabilities {acceptSslCerts: true, applicationCacheEnabled: false, browserConnectionEnabled: false, browserName: chrome, chrome: {chromedriverVersion: 2.29.461571 (8a88bbe0775e2a..., userDataDir: /tmp/.org.chromium.Chromium...}, cssSelectorsEnabled: true, databaseEnabled: false, handlesAlerts: true, hasTouchScreen: false, javascriptEnabled: true, locationContextEnabled: true, mobileEmulationEnabled: false, nativeEvents: true, networkConnectionEnabled: false, pageLoadStrategy: normal, platform: LINUX, platformName: LINUX, rotatable: false, takesHeapSnapshot: true, takesScreenshot: true, unexpectedAlertBehaviour: , unhandledPromptBehavior: , version: 122.0.6261.111, webStorageEnabled: true}&#10;Element: [[ChromeDriver: chrome on LINUX (08e78f6e37c87ac0e1800578f286c7d9)] -&gt; name: fromPort]&#10;Session ID: 08e78f6e37c87ac0e1800578f286c7d9" type="org.openqa.selenium.UnsupportedCommandException">org.openqa.selenium.UnsupportedCommandException: 
getElementDomAttribute
Build info: version: '4.1.2', revision: '9a5a329c5a'
System info: host: 'LAPTOP-6PIACK3E', ip: '127.0.1.1', os.name: 'Linux', os.arch: 'amd64', os.version: '5.15.146.1-microsoft-standard-WSL2', java.version: '17.0.6'
Driver info: org.openqa.selenium.chrome.ChromeDriver
Command: [08e78f6e37c87ac0e1800578f286c7d9, getElementDomAttribute {id=0.908359596603241-1, name=multiple}]
Capabilities {acceptSslCerts: true, applicationCacheEnabled: false, browserConnectionEnabled: false, browserName: chrome, chrome: {chromedriverVersion: 2.29.461571 (8a88bbe0775e2a..., userDataDir: /tmp/.org.chromium.Chromium...}, cssSelectorsEnabled: true, databaseEnabled: false, handlesAlerts: true, hasTouchScreen: false, javascriptEnabled: true, locationContextEnabled: true, mobileEmulationEnabled: false, nativeEvents: true, networkConnectionEnabled: false, pageLoadStrategy: normal, platform: LINUX, platformName: LINUX, rotatable: false, takesHeapSnapshot: true, takesScreenshot: true, unexpectedAlertBehaviour: , unhandledPromptBehavior: , version: 122.0.6261.111, webStorageEnabled: true}
Element: [[ChromeDriver: chrome on LINUX (08e78f6e37c87ac0e1800578f286c7d9)] -> name: fromPort]
Session ID: 08e78f6e37c87ac0e1800578f286c7d9
</error>
    <system-err><![CDATA[SLF4J: Failed to load class "org.slf4j.impl.StaticLoggerBinder".
SLF4J: Defaulting to no-operation (NOP) logger implementation
SLF4J: See http://www.slf4j.org/codes.html#StaticLoggerBinder for further details.
Starting ChromeDriver 2.29.461571 (8a88bbe0775e2a23afda0ceaf2ef7ee74e822cc5) on port 53183
Only local connections are allowed.
Mar 21, 2024 7:25:12 PM org.openqa.selenium.remote.ProtocolHandshake createSession
INFO: Detected dialect: OSS
Mar 21, 2024 7:25:12 PM org.openqa.selenium.devtools.CdpVersionFinder findNearestMatch
WARNING: Unable to find an exact match for CDP version 122, so returning the closest version found: a no-op implementation
Mar 21, 2024 7:25:12 PM org.openqa.selenium.devtools.CdpVersionFinder findNearestMatch
INFO: Unable to find CDP implementation matching 122.
Mar 21, 2024 7:25:12 PM org.openqa.selenium.chromium.ChromiumDriver lambda$new$3
WARNING: Unable to find version of CDP to use for . You may need to include a dependency on a specific version of the CDP using something similar to `org.seleniumhq.selenium:selenium-devtools-v86:4.1.2` where the version ("v86") matches the version of the chromium-based browser you're using and the version number of the artifact is the same as Selenium's.
]]></system-err>
  </testcase>
</testsuite>